2022-11-13 11:20:57,632 INFO in function <module>(), (Line# 103) Program starting.
2022-11-13 11:20:57,639 INFO in function <module>(), (Line# 137) Succesfully connected to database 'conalaun_testing'
2022-11-13 11:20:57,640 INFO in function <module>(), (Line# 144) Succesfully created group directory: 'groups'
2022-11-13 11:21:56,770 INFO in function <module>(), (Line# 103) Program starting.
2022-11-13 11:21:56,803 INFO in function <module>(), (Line# 137) Succesfully connected to database 'conalaun_testing'
2022-11-13 11:22:23,684 INFO in function <module>(), (Line# 103) Program starting.
2022-11-13 11:22:23,691 INFO in function <module>(), (Line# 137) Succesfully connected to database 'conalaun_testing'
2022-11-13 11:23:26,363 INFO in function <module>(), (Line# 103) Program starting.
2022-11-13 11:23:26,370 INFO in function <module>(), (Line# 137) Succesfully connected to database 'conalaun_testing'
2022-11-13 11:25:16,847 INFO in function <module>(), (Line# 103) Program starting.
2022-11-13 11:25:16,854 INFO in function <module>(), (Line# 137) Succesfully connected to database 'conalaun_testing'
2022-11-13 11:26:40,638 INFO in function <module>(), (Line# 103) Program starting.
2022-11-13 11:26:40,645 INFO in function <module>(), (Line# 137) Succesfully connected to database 'conalaun_testing'
2022-11-13 11:28:17,120 INFO in function <module>(), (Line# 103) Program starting.
2022-11-13 11:28:17,127 INFO in function <module>(), (Line# 137) Succesfully connected to database 'conalaun_testing'
2022-11-13 11:29:47,505 INFO in function <module>(), (Line# 103) Program starting.
2022-11-13 11:29:47,511 INFO in function <module>(), (Line# 137) Succesfully connected to database 'conalaun_testing'
2022-11-13 11:30:32,815 INFO in function <module>(), (Line# 103) Program starting.
2022-11-13 11:30:32,822 INFO in function <module>(), (Line# 137) Succesfully connected to database 'conalaun_testing'
2022-11-13 11:34:12,022 INFO in function <module>(), (Line# 103) Program starting.
2022-11-13 11:34:12,029 INFO in function <module>(), (Line# 137) Succesfully connected to database 'conalaun_testing'
2022-11-13 11:34:12,065 INFO in function <module>(), (Line# 244) Added 't' to group 'dog'.
2022-11-13 11:34:12,065 INFO in function <module>(), (Line# 244) Added 'gracie poo' to group 'dog'.
2022-11-13 11:34:12,066 INFO in function <module>(), (Line# 244) Added 'pip' to group 'wifey'.
2022-11-13 11:34:12,066 INFO in function <module>(), (Line# 244) Added 'bob barker' to group 'xx'.
2022-11-13 11:34:12,066 INFO in function <module>(), (Line# 244) Added 'b' to group 'yy'.
2022-11-13 11:34:12,066 INFO in function <module>(), (Line# 244) Added 'good' to group 'wife'.
2022-11-13 11:34:12,198 INFO in function <module>(), (Line# 254) Successfully processed an ICO file.
2022-11-13 11:34:12,198 INFO in function <module>(), (Line# 257) Some members added to groups, thus reloading all group members for all groups.
2022-11-13 11:34:12,199 INFO in function <module>(), (Line# 273) Program terminating.
2022-11-13 11:34:12,636 INFO in function <module>(), (Line# 103) Program starting.
2022-11-13 11:34:12,666 INFO in function <module>(), (Line# 137) Succesfully connected to database 'conalaun_testing'
2022-11-13 11:34:12,836 INFO in function <module>(), (Line# 254) Successfully processed an ICO file.
2022-11-13 11:34:12,837 INFO in function <module>(), (Line# 273) Program terminating.
2022-11-13 11:35:51,249 INFO in function <module>(), (Line# 103) Program starting.
2022-11-13 11:35:51,274 INFO in function <module>(), (Line# 137) Succesfully connected to database 'conalaun_testing'
2022-11-13 11:35:51,423 INFO in function <module>(), (Line# 254) Successfully processed an ICO file.
2022-11-13 11:35:51,424 INFO in function <module>(), (Line# 273) Program terminating.
2022-11-13 11:35:51,966 INFO in function <module>(), (Line# 103) Program starting.
2022-11-13 11:35:51,995 INFO in function <module>(), (Line# 137) Succesfully connected to database 'conalaun_testing'
2022-11-13 11:35:52,703 INFO in function <module>(), (Line# 254) Successfully processed an ICO file.
2022-11-13 11:35:52,704 INFO in function <module>(), (Line# 273) Program terminating.
2022-11-13 13:19:31,588 INFO in function <module>(), (Line# 93) Program starting.
2022-11-13 13:19:31,595 CRITICAL in function <module>(), (Line# 120) There was a problem connecting to the database 'conalaun_testing' : Unknown database 'conalaun_testing' - Have you ran the ./setupdb.py script to create the database?
2022-11-13 13:21:48,079 INFO in function <module>(), (Line# 93) Program starting.
2022-11-13 13:21:48,086 INFO in function <module>(), (Line# 126) Succesfully connected to database 'conalaun_testing'
2022-11-13 13:21:58,717 INFO in function <module>(), (Line# 230) Program terminating.
2022-11-13 13:22:09,164 INFO in function <module>(), (Line# 93) Program starting.
2022-11-13 13:22:09,171 INFO in function <module>(), (Line# 126) Succesfully connected to database 'conalaun_testing'
2022-11-13 13:22:10,191 INFO in function <module>(), (Line# 217) Successfully processed an ICO file.
2022-11-13 13:22:40,473 INFO in function <module>(), (Line# 230) Program terminating.
2022-11-13 13:23:49,853 INFO in function <module>(), (Line# 103) Program starting.
2022-11-13 13:23:49,879 INFO in function <module>(), (Line# 137) Succesfully connected to database 'conalaun_testing'
2022-11-13 13:23:50,137 INFO in function <module>(), (Line# 254) Successfully processed an ICO file.
2022-11-13 13:31:12,444 INFO in function <module>(), (Line# 254) Successfully processed an ICO file.
2022-11-13 13:32:10,003 INFO in function <module>(), (Line# 273) Program terminating.
2022-11-13 13:32:10,294 INFO in function <module>(), (Line# 103) Program starting.
2022-11-13 13:32:10,300 INFO in function <module>(), (Line# 137) Succesfully connected to database 'conalaun_testing'
2022-11-13 13:32:10,405 INFO in function <module>(), (Line# 254) Successfully processed an ICO file.
2022-11-13 13:32:10,407 INFO in function <module>(), (Line# 273) Program terminating.
2022-11-13 13:34:45,543 INFO in function <module>(), (Line# 103) Program starting.
2022-11-13 13:34:45,572 INFO in function <module>(), (Line# 137) Succesfully connected to database 'conalaun_testing'
2022-11-13 13:34:45,756 INFO in function <module>(), (Line# 254) Successfully processed an ICO file.
2022-11-13 14:24:56,470 INFO in function <module>(), (Line# 254) Successfully processed an ICO file.
2022-11-13 14:24:56,899 INFO in function <module>(), (Line# 273) Program terminating.
2022-11-13 14:24:57,856 INFO in function <module>(), (Line# 103) Program starting.
2022-11-13 14:24:57,885 INFO in function <module>(), (Line# 137) Succesfully connected to database 'conalaun_testing'
2022-11-13 14:24:58,041 INFO in function <module>(), (Line# 254) Successfully processed an ICO file.
2022-11-13 14:24:58,041 INFO in function <module>(), (Line# 273) Program terminating.
2022-11-13 14:39:24,887 INFO in function <module>(), (Line# 165) Program starting.
2022-11-13 14:39:24,899 INFO in function <module>(), (Line# 199) Succesfully connected to database 'conalaun_testing'
2022-11-13 14:39:25,025 INFO in function process_ico_file_if_it_exists(), (Line# 57) Successfully processed an ICO file.
2022-11-13 14:39:25,025 INFO in function reload_all_ICOs_from_DB(), (Line# 13) *** Reloading all ICOs - from Disk to RAM.
2022-11-13 14:39:25,171 INFO in function process_ico_file_if_it_exists(), (Line# 57) Successfully processed an ICO file.
2022-11-13 14:39:25,171 INFO in function reload_all_ICOs_from_DB(), (Line# 13) *** Reloading all ICOs - from Disk to RAM.
2022-11-13 14:39:25,277 INFO in function process_ico_file_if_it_exists(), (Line# 57) Successfully processed an ICO file.
2022-11-13 14:39:25,277 INFO in function reload_all_ICOs_from_DB(), (Line# 13) *** Reloading all ICOs - from Disk to RAM.
2022-11-13 14:39:25,388 INFO in function process_ico_file_if_it_exists(), (Line# 57) Successfully processed an ICO file.
2022-11-13 14:39:25,388 INFO in function reload_all_ICOs_from_DB(), (Line# 13) *** Reloading all ICOs - from Disk to RAM.
2022-11-13 14:42:36,655 INFO in function <module>(), (Line# 303) Program terminating.
2022-11-13 14:42:36,977 INFO in function <module>(), (Line# 165) Program starting.
2022-11-13 14:42:36,983 INFO in function <module>(), (Line# 199) Succesfully connected to database 'conalaun_testing'
2022-11-13 14:42:37,088 INFO in function process_ico_file_if_it_exists(), (Line# 57) Successfully processed an ICO file.
2022-11-13 14:42:37,088 INFO in function reload_all_ICOs_from_DB(), (Line# 13) *** Reloading all ICOs - from Disk to RAM.
2022-11-13 14:42:37,089 INFO in function <module>(), (Line# 303) Program terminating.
2022-11-13 14:48:03,052 INFO in function <module>(), (Line# 165) Program starting.
2022-11-13 14:48:03,081 INFO in function <module>(), (Line# 199) Succesfully connected to database 'conalaun_testing'
2022-11-13 14:48:03,253 INFO in function process_ico_file_if_it_exists(), (Line# 57) Successfully processed an ICO file.
2022-11-13 14:48:03,253 INFO in function reload_all_ICOs_from_DB(), (Line# 13) *** Reloading all ICOs - from Disk to RAM.
2022-11-13 14:48:03,420 INFO in function process_ico_file_if_it_exists(), (Line# 57) Successfully processed an ICO file.
2022-11-13 14:48:03,420 INFO in function reload_all_ICOs_from_DB(), (Line# 13) *** Reloading all ICOs - from Disk to RAM.
2022-11-13 14:48:03,536 INFO in function process_ico_file_if_it_exists(), (Line# 57) Successfully processed an ICO file.
2022-11-13 14:48:03,536 INFO in function reload_all_ICOs_from_DB(), (Line# 13) *** Reloading all ICOs - from Disk to RAM.
2022-11-13 14:48:03,686 INFO in function process_ico_file_if_it_exists(), (Line# 57) Successfully processed an ICO file.
2022-11-13 14:48:03,686 INFO in function reload_all_ICOs_from_DB(), (Line# 13) *** Reloading all ICOs - from Disk to RAM.
2022-11-13 14:50:08,809 ERROR in function process_class_file(), (Line# 1552) Problem creating class table entry for ICO file: Unknown database 'conalaun_testing'
2022-11-13 14:50:08,815 INFO in function process_ico_file_if_it_exists(), (Line# 68) I won't bother trying to reprocess the ICO.  The last time I tried, it failed, and you haven't changed the file yet.
2022-11-13 14:50:08,815 INFO in function process_ico_file_if_it_exists(), (Line# 68) I won't bother trying to reprocess the ICO.  The last time I tried, it failed, and you haven't changed the file yet.
2022-11-13 14:50:08,990 INFO in function <module>(), (Line# 303) Program terminating.
2022-11-13 14:50:09,942 INFO in function <module>(), (Line# 165) Program starting.
2022-11-13 14:50:09,966 CRITICAL in function <module>(), (Line# 193) There was a problem connecting to the database 'conalaun_testing' : Unknown database 'conalaun_testing' - Have you ran the ./setupdb.py script to create the database?
2022-11-13 14:51:02,820 INFO in function <module>(), (Line# 165) Program starting.
2022-11-13 14:51:02,826 INFO in function <module>(), (Line# 199) Succesfully connected to database 'conalaun_testing'
2022-11-13 14:51:03,005 INFO in function process_ico_file_if_it_exists(), (Line# 57) Successfully processed an ICO file.
2022-11-13 14:51:03,006 INFO in function reload_all_ICOs_from_DB(), (Line# 13) *** Reloading all ICOs - from Disk to RAM.
2022-11-13 14:51:03,187 INFO in function process_ico_file_if_it_exists(), (Line# 57) Successfully processed an ICO file.
2022-11-13 14:51:03,187 INFO in function reload_all_ICOs_from_DB(), (Line# 13) *** Reloading all ICOs - from Disk to RAM.
2022-11-13 14:51:03,286 INFO in function process_ico_file_if_it_exists(), (Line# 57) Successfully processed an ICO file.
2022-11-13 14:51:03,286 INFO in function reload_all_ICOs_from_DB(), (Line# 13) *** Reloading all ICOs - from Disk to RAM.
2022-11-13 14:51:03,388 INFO in function process_ico_file_if_it_exists(), (Line# 57) Successfully processed an ICO file.
2022-11-13 14:51:03,388 INFO in function reload_all_ICOs_from_DB(), (Line# 13) *** Reloading all ICOs - from Disk to RAM.
2022-11-13 14:55:12,563 INFO in function process_ico_file_if_it_exists(), (Line# 57) Successfully processed an ICO file.
2022-11-13 14:55:12,564 INFO in function reload_all_ICOs_from_DB(), (Line# 13) *** Reloading all ICOs - from Disk to RAM.
2022-11-13 14:55:12,665 INFO in function process_ico_file_if_it_exists(), (Line# 57) Successfully processed an ICO file.
2022-11-13 14:55:12,665 INFO in function reload_all_ICOs_from_DB(), (Line# 13) *** Reloading all ICOs - from Disk to RAM.
2022-11-13 14:57:34,100 INFO in function <module>(), (Line# 303) Program terminating.
2022-11-13 14:57:34,689 INFO in function <module>(), (Line# 165) Program starting.
2022-11-13 14:57:34,720 INFO in function <module>(), (Line# 199) Succesfully connected to database 'conalaun_testing'
2022-11-13 14:57:34,916 INFO in function process_ico_file_if_it_exists(), (Line# 57) Successfully processed an ICO file.
2022-11-13 14:57:34,916 INFO in function reload_all_ICOs_from_DB(), (Line# 13) *** Reloading all ICOs - from Disk to RAM.
2022-11-13 14:57:34,916 INFO in function <module>(), (Line# 303) Program terminating.
2022-11-13 14:59:32,829 INFO in function <module>(), (Line# 165) Program starting.
2022-11-13 14:59:32,856 INFO in function <module>(), (Line# 199) Succesfully connected to database 'conalaun_testing'
2022-11-13 14:59:32,856 INFO in function <module>(), (Line# 206) Succesfully created group directory: 'groups'
2022-11-13 14:59:33,430 INFO in function process_ico_file_if_it_exists(), (Line# 47) Added 'gracie poo' to group 'dog'.
2022-11-13 14:59:33,430 INFO in function process_ico_file_if_it_exists(), (Line# 47) Added 't' to group 'dog'.
2022-11-13 14:59:33,431 INFO in function process_ico_file_if_it_exists(), (Line# 47) Added 'pip' to group 'wifey'.
2022-11-13 14:59:33,431 INFO in function process_ico_file_if_it_exists(), (Line# 47) Added 'bob barker' to group 'xx'.
2022-11-13 14:59:33,431 INFO in function process_ico_file_if_it_exists(), (Line# 47) Added 'b' to group 'yy'.
2022-11-13 14:59:33,431 INFO in function process_ico_file_if_it_exists(), (Line# 47) Added 'good' to group 'wife'.
2022-11-13 14:59:33,477 INFO in function process_ico_file_if_it_exists(), (Line# 57) Successfully processed an ICO file.
2022-11-13 14:59:33,477 INFO in function process_ico_file_if_it_exists(), (Line# 60) Some members added to groups, thus reloading all group members for all groups.
2022-11-13 14:59:33,477 INFO in function reload_all_ICOs_from_DB(), (Line# 13) *** Reloading all ICOs - from Disk to RAM.
2022-11-13 14:59:33,562 INFO in function process_ico_file_if_it_exists(), (Line# 47) Added 'gracie poo' to group 'dog'.
2022-11-13 14:59:33,562 INFO in function process_ico_file_if_it_exists(), (Line# 47) Added 't' to group 'dog'.
2022-11-13 14:59:33,563 INFO in function process_ico_file_if_it_exists(), (Line# 47) Added 'pip' to group 'wifey'.
2022-11-13 14:59:33,563 INFO in function process_ico_file_if_it_exists(), (Line# 47) Added 'bob barker' to group 'xx'.
2022-11-13 14:59:33,563 INFO in function process_ico_file_if_it_exists(), (Line# 47) Added 'b' to group 'yy'.
2022-11-13 14:59:33,563 INFO in function process_ico_file_if_it_exists(), (Line# 47) Added 'good' to group 'wife'.
2022-11-13 14:59:33,627 INFO in function process_ico_file_if_it_exists(), (Line# 57) Successfully processed an ICO file.
2022-11-13 14:59:33,627 INFO in function process_ico_file_if_it_exists(), (Line# 60) Some members added to groups, thus reloading all group members for all groups.
2022-11-13 14:59:33,627 INFO in function reload_all_ICOs_from_DB(), (Line# 13) *** Reloading all ICOs - from Disk to RAM.
2022-11-13 15:02:42,905 INFO in function process_ico_file_if_it_exists(), (Line# 47) Added 'gracie poo' to group 'dog'.
2022-11-13 15:02:42,905 INFO in function process_ico_file_if_it_exists(), (Line# 47) Added 't' to group 'dog'.
2022-11-13 15:02:42,905 INFO in function process_ico_file_if_it_exists(), (Line# 47) Added 'pip' to group 'wifey'.
2022-11-13 15:02:42,905 INFO in function process_ico_file_if_it_exists(), (Line# 47) Added 'bob barker' to group 'xx'.
2022-11-13 15:02:42,905 INFO in function process_ico_file_if_it_exists(), (Line# 47) Added 'b' to group 'yy'.
2022-11-13 15:02:42,905 INFO in function process_ico_file_if_it_exists(), (Line# 47) Added 'good' to group 'wife'.
2022-11-13 15:02:42,962 INFO in function process_ico_file_if_it_exists(), (Line# 57) Successfully processed an ICO file.
2022-11-13 15:02:42,962 INFO in function process_ico_file_if_it_exists(), (Line# 60) Some members added to groups, thus reloading all group members for all groups.
2022-11-13 15:02:42,963 INFO in function reload_all_ICOs_from_DB(), (Line# 13) *** Reloading all ICOs - from Disk to RAM.
2022-11-13 15:02:43,018 INFO in function process_ico_file_if_it_exists(), (Line# 47) Added 'gracie poo' to group 'dog'.
2022-11-13 15:02:43,018 INFO in function process_ico_file_if_it_exists(), (Line# 47) Added 't' to group 'dog'.
2022-11-13 15:02:43,018 INFO in function process_ico_file_if_it_exists(), (Line# 47) Added 'pip' to group 'wifey'.
2022-11-13 15:02:43,018 INFO in function process_ico_file_if_it_exists(), (Line# 47) Added 'bob barker' to group 'xx'.
2022-11-13 15:02:43,018 INFO in function process_ico_file_if_it_exists(), (Line# 47) Added 'b' to group 'yy'.
2022-11-13 15:02:43,019 INFO in function process_ico_file_if_it_exists(), (Line# 47) Added 'good' to group 'wife'.
2022-11-13 15:02:43,071 INFO in function process_ico_file_if_it_exists(), (Line# 57) Successfully processed an ICO file.
2022-11-13 15:02:43,071 INFO in function process_ico_file_if_it_exists(), (Line# 60) Some members added to groups, thus reloading all group members for all groups.
2022-11-13 15:02:43,073 INFO in function reload_all_ICOs_from_DB(), (Line# 13) *** Reloading all ICOs - from Disk to RAM.
2022-11-13 15:03:57,957 INFO in function process_ico_file_if_it_exists(), (Line# 47) Added 'gracie poo' to group 'dog'.
2022-11-13 15:03:57,957 INFO in function process_ico_file_if_it_exists(), (Line# 47) Added 't' to group 'dog'.
2022-11-13 15:03:57,958 INFO in function process_ico_file_if_it_exists(), (Line# 47) Added 'pip' to group 'wifey'.
2022-11-13 15:03:57,958 INFO in function process_ico_file_if_it_exists(), (Line# 47) Added 'bob barker' to group 'xx'.
2022-11-13 15:03:57,958 INFO in function process_ico_file_if_it_exists(), (Line# 47) Added 'b' to group 'yy'.
2022-11-13 15:03:57,958 INFO in function process_ico_file_if_it_exists(), (Line# 47) Added 'good' to group 'wife'.
2022-11-13 15:03:58,010 INFO in function process_ico_file_if_it_exists(), (Line# 57) Successfully processed an ICO file.
2022-11-13 15:03:58,010 INFO in function process_ico_file_if_it_exists(), (Line# 60) Some members added to groups, thus reloading all group members for all groups.
2022-11-13 15:03:58,012 INFO in function reload_all_ICOs_from_DB(), (Line# 13) *** Reloading all ICOs - from Disk to RAM.
2022-11-13 15:03:58,053 INFO in function process_ico_file_if_it_exists(), (Line# 47) Added 'gracie poo' to group 'dog'.
2022-11-13 15:03:58,053 INFO in function process_ico_file_if_it_exists(), (Line# 47) Added 't' to group 'dog'.
2022-11-13 15:03:58,054 INFO in function process_ico_file_if_it_exists(), (Line# 47) Added 'pip' to group 'wifey'.
2022-11-13 15:03:58,054 INFO in function process_ico_file_if_it_exists(), (Line# 47) Added 'bob barker' to group 'xx'.
2022-11-13 15:03:58,054 INFO in function process_ico_file_if_it_exists(), (Line# 47) Added 'b' to group 'yy'.
2022-11-13 15:03:58,054 INFO in function process_ico_file_if_it_exists(), (Line# 47) Added 'good' to group 'wife'.
2022-11-13 15:03:58,108 INFO in function process_ico_file_if_it_exists(), (Line# 57) Successfully processed an ICO file.
2022-11-13 15:03:58,108 INFO in function process_ico_file_if_it_exists(), (Line# 60) Some members added to groups, thus reloading all group members for all groups.
2022-11-13 15:03:58,109 INFO in function reload_all_ICOs_from_DB(), (Line# 13) *** Reloading all ICOs - from Disk to RAM.
2022-11-13 15:07:35,101 INFO in function <module>(), (Line# 303) Program terminating.
2022-11-13 15:07:35,390 INFO in function <module>(), (Line# 165) Program starting.
2022-11-13 15:07:35,397 INFO in function <module>(), (Line# 199) Succesfully connected to database 'conalaun_testing'
2022-11-13 15:07:35,533 INFO in function process_ico_file_if_it_exists(), (Line# 57) Successfully processed an ICO file.
2022-11-13 15:07:35,533 INFO in function reload_all_ICOs_from_DB(), (Line# 13) *** Reloading all ICOs - from Disk to RAM.
2022-11-13 15:07:35,535 INFO in function <module>(), (Line# 303) Program terminating.
2022-11-13 15:13:10,720 INFO in function <module>(), (Line# 165) Program starting.
2022-11-13 15:13:10,747 INFO in function <module>(), (Line# 199) Succesfully connected to database 'conalaun_testing'
2022-11-13 15:13:10,974 INFO in function process_ico_file_if_it_exists(), (Line# 57) Successfully processed an ICO file.
2022-11-13 15:13:10,974 INFO in function reload_all_ICOs_from_DB(), (Line# 13) *** Reloading all ICOs - from Disk to RAM.
2022-11-13 15:13:11,130 INFO in function process_ico_file_if_it_exists(), (Line# 57) Successfully processed an ICO file.
2022-11-13 15:13:11,130 INFO in function reload_all_ICOs_from_DB(), (Line# 13) *** Reloading all ICOs - from Disk to RAM.
2022-11-13 15:14:30,478 INFO in function process_ico_file_if_it_exists(), (Line# 57) Successfully processed an ICO file.
2022-11-13 15:14:30,479 INFO in function reload_all_ICOs_from_DB(), (Line# 13) *** Reloading all ICOs - from Disk to RAM.
2022-11-13 15:14:30,572 INFO in function process_ico_file_if_it_exists(), (Line# 57) Successfully processed an ICO file.
2022-11-13 15:14:30,572 INFO in function reload_all_ICOs_from_DB(), (Line# 13) *** Reloading all ICOs - from Disk to RAM.
2022-11-13 15:15:22,723 INFO in function process_ico_file_if_it_exists(), (Line# 57) Successfully processed an ICO file.
2022-11-13 15:15:22,724 INFO in function reload_all_ICOs_from_DB(), (Line# 13) *** Reloading all ICOs - from Disk to RAM.
2022-11-13 15:15:22,832 INFO in function process_ico_file_if_it_exists(), (Line# 57) Successfully processed an ICO file.
2022-11-13 15:15:22,832 INFO in function reload_all_ICOs_from_DB(), (Line# 13) *** Reloading all ICOs - from Disk to RAM.
2022-11-13 15:16:14,258 INFO in function <module>(), (Line# 303) Program terminating.
2022-11-13 15:16:14,516 INFO in function <module>(), (Line# 165) Program starting.
2022-11-13 15:16:14,523 INFO in function <module>(), (Line# 199) Succesfully connected to database 'conalaun_testing'
2022-11-13 15:17:11,640 INFO in function <module>(), (Line# 303) Program terminating.
2022-11-13 15:19:58,596 INFO in function <module>(), (Line# 165) Program starting.
2022-11-13 15:19:58,624 INFO in function <module>(), (Line# 199) Succesfully connected to database 'conalaun_testing'
2022-11-13 15:19:58,824 INFO in function process_ico_file_if_it_exists(), (Line# 57) Successfully processed an ICO file.
2022-11-13 15:19:58,824 INFO in function reload_all_ICOs_from_DB(), (Line# 13) *** Reloading all ICOs - from Disk to RAM.
2022-11-13 15:19:58,933 INFO in function process_ico_file_if_it_exists(), (Line# 57) Successfully processed an ICO file.
2022-11-13 15:19:58,933 INFO in function reload_all_ICOs_from_DB(), (Line# 13) *** Reloading all ICOs - from Disk to RAM.
2022-11-13 15:20:21,867 INFO in function process_ico_file_if_it_exists(), (Line# 57) Successfully processed an ICO file.
2022-11-13 15:20:21,867 INFO in function reload_all_ICOs_from_DB(), (Line# 13) *** Reloading all ICOs - from Disk to RAM.
2022-11-13 15:20:22,034 INFO in function process_ico_file_if_it_exists(), (Line# 57) Successfully processed an ICO file.
2022-11-13 15:20:22,035 INFO in function reload_all_ICOs_from_DB(), (Line# 13) *** Reloading all ICOs - from Disk to RAM.
2022-11-13 15:20:27,874 INFO in function process_ico_file_if_it_exists(), (Line# 57) Successfully processed an ICO file.
2022-11-13 15:20:27,874 INFO in function reload_all_ICOs_from_DB(), (Line# 13) *** Reloading all ICOs - from Disk to RAM.
2022-11-13 15:20:27,996 INFO in function process_ico_file_if_it_exists(), (Line# 57) Successfully processed an ICO file.
2022-11-13 15:20:27,996 INFO in function reload_all_ICOs_from_DB(), (Line# 13) *** Reloading all ICOs - from Disk to RAM.
2022-11-13 15:20:38,456 INFO in function <module>(), (Line# 303) Program terminating.
2022-11-13 15:20:38,738 INFO in function <module>(), (Line# 165) Program starting.
2022-11-13 15:20:38,744 INFO in function <module>(), (Line# 199) Succesfully connected to database 'conalaun_testing'
2022-11-13 15:20:38,812 INFO in function process_ico_file_if_it_exists(), (Line# 57) Successfully processed an ICO file.
2022-11-13 15:20:38,813 INFO in function reload_all_ICOs_from_DB(), (Line# 13) *** Reloading all ICOs - from Disk to RAM.
2022-11-13 15:20:38,895 INFO in function process_ico_file_if_it_exists(), (Line# 57) Successfully processed an ICO file.
2022-11-13 15:20:38,895 INFO in function reload_all_ICOs_from_DB(), (Line# 13) *** Reloading all ICOs - from Disk to RAM.
2022-11-13 15:21:49,117 INFO in function process_ico_file_if_it_exists(), (Line# 57) Successfully processed an ICO file.
2022-11-13 15:21:49,118 INFO in function reload_all_ICOs_from_DB(), (Line# 13) *** Reloading all ICOs - from Disk to RAM.
2022-11-13 15:21:49,118 INFO in function <module>(), (Line# 303) Program terminating.
